#
# A fatal error has been detected by the Java Runtime Environment:
#
#  EXCEPTION_ACCESS_VIOLATION (0xc0000005) at pc=0x0000000060d2a0a5, pid=1192, tid=0x0000000000001bd4
#
# JRE version: Java(TM) SE Runtime Environment (8.0_101-b13) (build 1.8.0_101-b13)
# Java VM: Java HotSpot(TM) 64-Bit Server VM (25.101-b13 mixed mode windows-amd64 compressed oops)
# Problematic frame:
# V  [jvm.dll+0x12a0a5]
#
# Failed to write core dump. Minidumps are not enabled by default on client versions of Windows
#
# If you would like to submit a bug report, please visit:
#   http://bugreport.java.com/bugreport/crash.jsp
#

---------------  T H R E A D  ---------------

Current thread (0x00000000587cc000):  JavaThread "JDWP Transport Listener: dt_socket" daemon [_thread_in_vm, id=7124, stack(0x0000000059320000,0x0000000059420000)]

siginfo: ExceptionCode=0xc0000005, reading address 0xffffffffffffffff

Registers:
RAX=0x000000005941f701, RBX=0x00000000587cc000, RCX=0x656c626169666964, RDX=0x0000000000000000
RSP=0x000000005941f720, RBP=0x656c626169666964, RSI=0x000000005941f838, RDI=0x0000000002319070
R8 =0x00000000587cc000, R9 =0x000000000000ff00, R10=0x0000000000000000, R11=0x000008ab000e0009
R12=0x0000000000000000, R13=0x00000000587d3aa8, R14=0x0000000000000000, R15=0x0000000000000000
RIP=0x0000000060d2a0a5, EFLAGS=0x0000000000010202

Top of Stack: (sp=0x000000005941f720)
0x000000005941f720:   00000000587cc000 00000000587cc000
0x000000005941f730:   000000005941f7e8 0000000060f32f0b
0x000000005941f740:   00000000587cc000 0000000060f4f76d
0x000000005941f750:   0000000000000000 000000006e779155
0x000000005941f760:   000000005f9f4d80 000000006e78291e
0x000000005941f770:   00000000587cc000 0000000000000000
0x000000005941f780:   0000000000000000 0000000000000000
0x000000005941f790:   656c626169666964 000000006e781a15
0x000000005941f7a0:   000000005941f838 000000005941f810
0x000000005941f7b0:   0000000000000001 000000005f9f4d80
0x000000005941f7c0:   656c626169666964 000000006e7653b3
0x000000005941f7d0:   000000005941f900 0000000000000001
0x000000005941f7e0:   0000000000000001 000000005f9f4d80
0x000000005941f7f0:   0000000000000001 0000000000000000
0x000000005941f800:   0000000000000000 0000000000000000
0x000000005941f810:   0000000000000001 000000006e765571 

Instructions: (pc=0x0000000060d2a0a5)
0x0000000060d2a085:   cc cc cc cc cc cc cc cc cc cc cc 48 83 ec 28 48
0x0000000060d2a095:   85 c9 75 07 33 c0 48 83 c4 28 c3 48 89 5c 24 20
0x0000000060d2a0a5:   48 8b 19 48 85 db 74 20 48 83 fb 37 74 1a 48 8b
0x0000000060d2a0b5:   13 48 8b cb ff 52 10 84 c0 74 0d 48 8b c3 48 8b 


Register to memory mapping:

RAX=0x000000005941f701 is pointing into the stack for thread: 0x00000000587cc000
RBX=0x00000000587cc000 is a thread
RCX=0x656c626169666964 is an unknown value
RDX=0x0000000000000000 is an unknown value
RSP=0x000000005941f720 is pointing into the stack for thread: 0x00000000587cc000
RBP=0x656c626169666964 is an unknown value
RSI=0x000000005941f838 is pointing into the stack for thread: 0x00000000587cc000
RDI=0x0000000002319070 is an unknown value
R8 =0x00000000587cc000 is a thread
R9 =0x000000000000ff00 is an unknown value
R10=0x0000000000000000 is an unknown value
R11=0x000008ab000e0009 is an unknown value
R12=0x0000000000000000 is an unknown value
R13=0x00000000587d3aa8 is an unknown value
R14=0x0000000000000000 is an unknown value
R15=0x0000000000000000 is an unknown value


Stack: [0x0000000059320000,0x0000000059420000],  sp=0x000000005941f720,  free space=1021k
Native frames: (J=compiled Java code, j=interpreted, Vv=VM code, C=native code)
V  [jvm.dll+0x12a0a5]
V  [jvm.dll+0x34f76d]
C  [jdwp.dll+0x21a15]
C  [jdwp.dll+0x53b3]
C  [jdwp.dll+0x5571]
C  [jdwp.dll+0xf0a8]
C  [jdwp.dll+0x1f2d5]
C  [jdwp.dll+0x1f4aa]
V  [jvm.dll+0x1bd258]
V  [jvm.dll+0x2451a4]
V  [jvm.dll+0x29c18a]
C  [msvcr100.dll+0x21d9f]
C  [msvcr100.dll+0x21e3b]
C  [kernel32.dll+0x159cd]
C  [ntdll.dll+0x2a561]


---------------  P R O C E S S  ---------------

Java Threads: ( => current thread )
  0x000000005b9be000 JavaThread "JMX client heartbeat 18" daemon [_thread_blocked, id=9044, stack(0x0000000066120000,0x0000000066220000)]
  0x000000005a1fe000 JavaThread "JMX client heartbeat 17" daemon [_thread_blocked, id=6012, stack(0x0000000065f80000,0x0000000066080000)]
  0x000000005a1ff000 JavaThread "JMX client heartbeat 16" daemon [_thread_blocked, id=8468, stack(0x0000000065df0000,0x0000000065ef0000)]
  0x000000005a1fd800 JavaThread "JMX client heartbeat 15" daemon [_thread_blocked, id=8708, stack(0x0000000065c60000,0x0000000065d60000)]
  0x000000005a1fc800 JavaThread "JMX client heartbeat 14" daemon [_thread_blocked, id=5564, stack(0x0000000064b00000,0x0000000064c00000)]
  0x000000005a1fc000 JavaThread "JMX client heartbeat 13" daemon [_thread_blocked, id=8008, stack(0x0000000065a60000,0x0000000065b60000)]
  0x000000005afb8800 JavaThread "JMX client heartbeat 12" daemon [_thread_blocked, id=5928, stack(0x00000000656a0000,0x00000000657a0000)]
  0x000000005afb7000 JavaThread "JMX client heartbeat 11" daemon [_thread_blocked, id=3596, stack(0x00000000654d0000,0x00000000655d0000)]
  0x000000005afb8000 JavaThread "JMX client heartbeat 10" daemon [_thread_blocked, id=6792, stack(0x0000000065390000,0x0000000065490000)]
  0x000000005afb6800 JavaThread "JMX client heartbeat 9" daemon [_thread_blocked, id=3360, stack(0x0000000065280000,0x0000000065380000)]
  0x000000005afb5800 JavaThread "JMX client heartbeat 8" daemon [_thread_blocked, id=8624, stack(0x0000000065110000,0x0000000065210000)]
  0x000000005afb5000 JavaThread "JMX client heartbeat 7" daemon [_thread_blocked, id=1884, stack(0x0000000064fd0000,0x00000000650d0000)]
  0x000000005afb4000 JavaThread "JMX client heartbeat 6" daemon [_thread_blocked, id=7484, stack(0x00000000648a0000,0x00000000649a0000)]
  0x000000005afb3800 JavaThread "JMX client heartbeat 5" daemon [_thread_blocked, id=7760, stack(0x0000000064c50000,0x0000000064d50000)]
  0x000000005afb2800 JavaThread "JMX client heartbeat 4" daemon [_thread_blocked, id=7552, stack(0x0000000064dc0000,0x0000000064ec0000)]
  0x000000005afb1800 JavaThread "JMX client heartbeat 3" daemon [_thread_blocked, id=8344, stack(0x000000005d9b0000,0x000000005dab0000)]
  0x000000005c47d800 JavaThread "JMX client heartbeat 2" daemon [_thread_blocked, id=8292, stack(0x0000000064570000,0x0000000064670000)]
  0x000000005c47c800 JavaThread "GC Daemon" daemon [_thread_blocked, id=1244, stack(0x0000000064210000,0x0000000064310000)]
  0x000000005c47c000 JavaThread "RMI RenewClean-[10.100.124.201:46317]" daemon [_thread_blocked, id=8672, stack(0x00000000649a0000,0x0000000064aa0000)]
  0x000000005c47b000 JavaThread "RMI Scheduler(0)" daemon [_thread_blocked, id=4076, stack(0x0000000063e50000,0x0000000063f50000)]
  0x000000005c478000 JavaThread "Swing-Shell" daemon [_thread_blocked, id=8924, stack(0x00000000640f0000,0x00000000641f0000)]
  0x000000005c479000 JavaThread "AWT-Windows" daemon [_thread_in_native, id=928, stack(0x00000000635f0000,0x00000000636f0000)]
  0x000000005c477800 JavaThread "Java2D Disposer" daemon [_thread_blocked, id=2664, stack(0x0000000063410000,0x0000000063510000)]
  0x000000005c476800 JavaThread "DestroyJavaVM" [_thread_blocked, id=2620, stack(0x0000000002630000,0x0000000002730000)]
  0x000000005b677000 JavaThread "http-nio-8080-AsyncTimeout" daemon [_thread_blocked, id=6164, stack(0x00000000632e0000,0x00000000633e0000)]
  0x000000005b676800 JavaThread "http-nio-8080-Acceptor-0" daemon [_thread_in_native, id=1864, stack(0x000000005fe00000,0x000000005ff00000)]
  0x000000005b675800 JavaThread "http-nio-8080-ClientPoller-1" daemon [_thread_in_native, id=8456, stack(0x00000000630a0000,0x00000000631a0000)]
  0x000000005b675000 JavaThread "http-nio-8080-ClientPoller-0" daemon [_thread_in_native, id=6628, stack(0x0000000062f30000,0x0000000063030000)]
  0x000000005b674000 JavaThread "http-nio-8080-exec-10" daemon [_thread_blocked, id=8304, stack(0x0000000062d40000,0x0000000062e40000)]
  0x000000005b673800 JavaThread "http-nio-8080-exec-9" daemon [_thread_blocked, id=9052, stack(0x0000000062ba0000,0x0000000062ca0000)]
  0x000000005b672800 JavaThread "http-nio-8080-exec-8" daemon [_thread_blocked, id=6748, stack(0x00000000629a0000,0x0000000062aa0000)]
  0x000000005b672000 JavaThread "http-nio-8080-exec-7" daemon [_thread_blocked, id=7384, stack(0x00000000627d0000,0x00000000628d0000)]
  0x000000005b671000 JavaThread "http-nio-8080-exec-6" daemon [_thread_blocked, id=8768, stack(0x0000000062630000,0x0000000062730000)]
  0x000000005f299000 JavaThread "http-nio-8080-exec-5" daemon [_thread_blocked, id=8496, stack(0x0000000060ab0000,0x0000000060bb0000)]
  0x000000005f49d800 JavaThread "http-nio-8080-exec-4" daemon [_thread_blocked, id=7040, stack(0x00000000624d0000,0x00000000625d0000)]
  0x000000005f1a3800 JavaThread "http-nio-8080-exec-3" daemon [_thread_blocked, id=9176, stack(0x0000000060150000,0x0000000060250000)]
  0x000000005f1a2800 JavaThread "http-nio-8080-exec-2" daemon [_thread_blocked, id=7380, stack(0x0000000060930000,0x0000000060a30000)]
  0x000000005f2bf000 JavaThread "http-nio-8080-exec-1" daemon [_thread_blocked, id=9160, stack(0x00000000607c0000,0x00000000608c0000)]
  0x000000005ccab000 JavaThread "NioBlockingSelector.BlockPoller-1" daemon [_thread_in_native, id=8196, stack(0x0000000060690000,0x0000000060790000)]
  0x000000005eabc000 JavaThread "container-0" [_thread_blocked, id=6452, stack(0x000000005fce0000,0x000000005fde0000)]
  0x000000005f2f4800 JavaThread "ContainerBackgroundProcessor[StandardEngine[Tomcat]]" daemon [_thread_blocked, id=7092, stack(0x000000005dbc0000,0x000000005dcc0000)]
  0x000000005886c000 JavaThread "Service Thread" daemon [_thread_blocked, id=6384, stack(0x0000000059c70000,0x0000000059d70000)]
  0x00000000587f0000 JavaThread "C1 CompilerThread2" daemon [_thread_blocked, id=8232, stack(0x00000000599b0000,0x0000000059ab0000)]
  0x00000000587ec800 JavaThread "C2 CompilerThread1" daemon [_thread_blocked, id=5100, stack(0x0000000059810000,0x0000000059910000)]
  0x00000000587e6000 JavaThread "C2 CompilerThread0" daemon [_thread_blocked, id=4100, stack(0x0000000059080000,0x0000000059180000)]
  0x00000000587d6800 JavaThread "JDWP Command Reader" daemon [_thread_in_native, id=7640, stack(0x00000000596e0000,0x00000000597e0000)]
  0x00000000587d5000 JavaThread "JDWP Event Helper Thread" daemon [_thread_blocked, id=8336, stack(0x0000000059530000,0x0000000059630000)]
=>0x00000000587cc000 JavaThread "JDWP Transport Listener: dt_socket" daemon [_thread_in_vm, id=7124, stack(0x0000000059320000,0x0000000059420000)]
  0x000000005728d800 JavaThread "Attach Listener" daemon [_thread_blocked, id=8904, stack(0x0000000058bd0000,0x0000000058cd0000)]
  0x00000000587b2800 JavaThread "Signal Dispatcher" daemon [_thread_blocked, id=7372, stack(0x0000000058350000,0x0000000058450000)]
  0x000000005726e000 JavaThread "Finalizer" daemon [_thread_blocked, id=3988, stack(0x00000000586a0000,0x00000000587a0000)]
  0x0000000057225000 JavaThread "Reference Handler" daemon [_thread_blocked, id=7416, stack(0x00000000584a0000,0x00000000585a0000)]

Other Threads:
  0x000000005721d800 VMThread [stack: 0x00000000581d0000,0x00000000582d0000] [id=6672]
  0x00000000588d0000 WatcherThread [stack: 0x0000000059db0000,0x0000000059eb0000] [id=8816]

VM state:not at safepoint (normal execution)

VM Mutex/Monitor currently owned by a thread: None

Heap:
 PSYoungGen      total 177152K, used 23516K [0x00000000d6e00000, 0x00000000e2a00000, 0x0000000100000000)
  eden space 161792K, 14% used [0x00000000d6e00000,0x00000000d84f70c0,0x00000000e0c00000)
  from space 15360K, 0% used [0x00000000e0c00000,0x00000000e0c00000,0x00000000e1b00000)
  to   space 15360K, 0% used [0x00000000e1b00000,0x00000000e1b00000,0x00000000e2a00000)
 ParOldGen       total 86528K, used 17995K [0x0000000084a00000, 0x0000000089e80000, 0x00000000d6e00000)
  object space 86528K, 20% used [0x0000000084a00000,0x0000000085b92e58,0x0000000089e80000)
 Metaspace       used 45297K, capacity 46988K, committed 47360K, reserved 1091584K
  class space    used 5454K, capacity 5740K, committed 5888K, reserved 1048576K

Card table byte_map: [0x0000000011af0000,0x0000000011ed0000] byte_map_base: 0x00000000116cb000

Marking Bits: (ParMarkBitMap*) 0x000000006141a6d0
 Begin Bits: [0x0000000012700000, 0x00000000145d8000)
 End Bits:   [0x00000000145d8000, 0x00000000164b0000)

Polling page: 0x0000000000130000

CodeCache: size=245760Kb used=18922Kb max_used=18936Kb free=226837Kb
 bounds [0x0000000002730000, 0x00000000039d0000, 0x0000000011730000]
 total_blobs=5778 nmethods=5264 adapters=433
 compilation: enabled

Compilation events (10 events):
Event: 4679.415 Thread 0x00000000587ec800 6151       4       org.apache.tomcat.util.net.NioBlockingSelector$BlockPoller::events (54 bytes)
Event: 4679.430 Thread 0x00000000587ec800 nmethod 6151 0x00000000039c6050 code [0x00000000039c62a0, 0x00000000039c7700]
Event: 4696.916 Thread 0x00000000587f0000 6152       3       java.lang.ThreadGroup::getParent (19 bytes)
Event: 4696.917 Thread 0x00000000587f0000 nmethod 6152 0x00000000028f0f50 code [0x00000000028f10e0, 0x00000000028f14c8]
Event: 4756.944 Thread 0x00000000587f0000 6153       3       java.lang.Thread::<init> (49 bytes)
Event: 4756.945 Thread 0x00000000587f0000 nmethod 6153 0x0000000002a29190 code [0x0000000002a29320, 0x0000000002a296a8]
Event: 4857.286 Thread 0x00000000587f0000 6154       3       java.util.ArrayList$ListItr::hasPrevious (13 bytes)
Event: 4857.286 Thread 0x00000000587f0000 nmethod 6154 0x0000000002a3c0d0 code [0x0000000002a3c220, 0x0000000002a3c3d0]
Event: 4872.287 Thread 0x00000000587ec800 6155       4       java.util.concurrent.locks.ReentrantLock::unlock (10 bytes)
Event: 4872.289 Thread 0x00000000587ec800 nmethod 6155 0x0000000002a514d0 code [0x0000000002a51620, 0x0000000002a51808]

GC Heap History (10 events):
Event: 5.590 GC heap before
{Heap before GC invocations=8 (full 1):
 PSYoungGen      total 116736K, used 86167K [0x00000000d6e00000, 0x00000000def00000, 0x0000000100000000)
  eden space 104448K, 71% used [0x00000000d6e00000,0x00000000db6d96b8,0x00000000dd400000)
  from space 12288K, 94% used [0x00000000de280000,0x00000000dedcc620,0x00000000dee80000)
  to   space 13824K, 0% used [0x00000000dd400000,0x00000000dd400000,0x00000000de180000)
 ParOldGen       total 51200K, used 10556K [0x0000000084a00000, 0x0000000087c00000, 0x00000000d6e00000)
  object space 51200K, 20% used [0x0000000084a00000,0x000000008544f008,0x0000000087c00000)
 Metaspace       used 33963K, capacity 35364K, committed 35416K, reserved 1081344K
  class space    used 4320K, capacity 4588K, committed 4608K, reserved 1048576K
Event: 5.605 GC heap after
Heap after GC invocations=8 (full 1):
 PSYoungGen      total 118272K, used 13819K [0x00000000d6e00000, 0x00000000e2f80000, 0x0000000100000000)
  eden space 104448K, 0% used [0x00000000d6e00000,0x00000000d6e00000,0x00000000dd400000)
  from space 13824K, 99% used [0x00000000dd400000,0x00000000de17ece0,0x00000000de180000)
  to   space 15872K, 0% used [0x00000000e2000000,0x00000000e2000000,0x00000000e2f80000)
 ParOldGen       total 51200K, used 11060K [0x0000000084a00000, 0x0000000087c00000, 0x00000000d6e00000)
  object space 51200K, 21% used [0x0000000084a00000,0x00000000854cd2c8,0x0000000087c00000)
 Metaspace       used 33963K, capacity 35364K, committed 35416K, reserved 1081344K
  class space    used 4320K, capacity 4588K, committed 4608K, reserved 1048576K
}
Event: 5.605 GC heap before
{Heap before GC invocations=9 (full 2):
 PSYoungGen      total 118272K, used 13819K [0x00000000d6e00000, 0x00000000e2f80000, 0x0000000100000000)
  eden space 104448K, 0% used [0x00000000d6e00000,0x00000000d6e00000,0x00000000dd400000)
  from space 13824K, 99% used [0x00000000dd400000,0x00000000de17ece0,0x00000000de180000)
  to   space 15872K, 0% used [0x00000000e2000000,0x00000000e2000000,0x00000000e2f80000)
 ParOldGen       total 51200K, used 11060K [0x0000000084a00000, 0x0000000087c00000, 0x00000000d6e00000)
  object space 51200K, 21% used [0x0000000084a00000,0x00000000854cd2c8,0x0000000087c00000)
 Metaspace       used 33963K, capacity 35364K, committed 35416K, reserved 1081344K
  class space    used 4320K, capacity 4588K, committed 4608K, reserved 1048576K
Event: 5.707 GC heap after
Heap after GC invocations=9 (full 2):
 PSYoungGen      total 118272K, used 0K [0x00000000d6e00000, 0x00000000e2f80000, 0x0000000100000000)
  eden space 104448K, 0% used [0x00000000d6e00000,0x00000000d6e00000,0x00000000dd400000)
  from space 13824K, 0% used [0x00000000dd400000,0x00000000dd400000,0x00000000de180000)
  to   space 15872K, 0% used [0x00000000e2000000,0x00000000e2000000,0x00000000e2f80000)
 ParOldGen       total 86528K, used 23262K [0x0000000084a00000, 0x0000000089e80000, 0x00000000d6e00000)
  object space 86528K, 26% used [0x0000000084a00000,0x00000000860b7888,0x0000000089e80000)
 Metaspace       used 33963K, capacity 35364K, committed 35416K, reserved 1081344K
  class space    used 4320K, capacity 4588K, committed 4608K, reserved 1048576K
}
Event: 1437.394 GC heap before
{Heap before GC invocations=10 (full 2):
 PSYoungGen      total 118272K, used 104448K [0x00000000d6e00000, 0x00000000e2f80000, 0x0000000100000000)
  eden space 104448K, 100% used [0x00000000d6e00000,0x00000000dd400000,0x00000000dd400000)
  from space 13824K, 0% used [0x00000000dd400000,0x00000000dd400000,0x00000000de180000)
  to   space 15872K, 0% used [0x00000000e2000000,0x00000000e2000000,0x00000000e2f80000)
 ParOldGen       total 86528K, used 23262K [0x0000000084a00000, 0x0000000089e80000, 0x00000000d6e00000)
  object space 86528K, 26% used [0x0000000084a00000,0x00000000860b7888,0x0000000089e80000)
 Metaspace       used 41748K, capacity 43334K, committed 43648K, reserved 1087488K
  class space    used 5186K, capacity 5485K, committed 5504K, reserved 1048576K
Event: 1437.429 GC heap after
Heap after GC invocations=10 (full 2):
 PSYoungGen      total 172032K, used 8324K [0x00000000d6e00000, 0x00000000e2a00000, 0x0000000100000000)
  eden space 161792K, 0% used [0x00000000d6e00000,0x00000000d6e00000,0x00000000e0c00000)
  from space 10240K, 81% used [0x00000000e2000000,0x00000000e2821158,0x00000000e2a00000)
  to   space 15360K, 0% used [0x00000000e0c00000,0x00000000e0c00000,0x00000000e1b00000)
 ParOldGen       total 86528K, used 23270K [0x0000000084a00000, 0x0000000089e80000, 0x00000000d6e00000)
  object space 86528K, 26% used [0x0000000084a00000,0x00000000860b9888,0x0000000089e80000)
 Metaspace       used 41748K, capacity 43334K, committed 43648K, reserved 1087488K
  class space    used 5186K, capacity 5485K, committed 5504K, reserved 1048576K
}
Event: 3605.707 GC heap before
{Heap before GC invocations=11 (full 2):
 PSYoungGen      total 172032K, used 100080K [0x00000000d6e00000, 0x00000000e2a00000, 0x0000000100000000)
  eden space 161792K, 56% used [0x00000000d6e00000,0x00000000dc79b000,0x00000000e0c00000)
  from space 10240K, 81% used [0x00000000e2000000,0x00000000e2821158,0x00000000e2a00000)
  to   space 15360K, 0% used [0x00000000e0c00000,0x00000000e0c00000,0x00000000e1b00000)
 ParOldGen       total 86528K, used 23270K [0x0000000084a00000, 0x0000000089e80000, 0x00000000d6e00000)
  object space 86528K, 26% used [0x0000000084a00000,0x00000000860b9888,0x0000000089e80000)
 Metaspace       used 45273K, capacity 46996K, committed 47360K, reserved 1091584K
  class space    used 5473K, capacity 5778K, committed 5888K, reserved 1048576K
Event: 3605.714 GC heap after
Heap after GC invocations=11 (full 2):
 PSYoungGen      total 177152K, used 5427K [0x00000000d6e00000, 0x00000000e2a00000, 0x0000000100000000)
  eden space 161792K, 0% used [0x00000000d6e00000,0x00000000d6e00000,0x00000000e0c00000)
  from space 15360K, 35% used [0x00000000e0c00000,0x00000000e114cf78,0x00000000e1b00000)
  to   space 15360K, 0% used [0x00000000e1b00000,0x00000000e1b00000,0x00000000e2a00000)
 ParOldGen       total 86528K, used 23297K [0x0000000084a00000, 0x0000000089e80000, 0x00000000d6e00000)
  object space 86528K, 26% used [0x0000000084a00000,0x00000000860c04d8,0x0000000089e80000)
 Metaspace       used 45273K, capacity 46996K, committed 47360K, reserved 1091584K
  class space    used 5473K, capacity 5778K, committed 5888K, reserved 1048576K
}
Event: 3605.714 GC heap before
{Heap before GC invocations=12 (full 3):
 PSYoungGen      total 177152K, used 5427K [0x00000000d6e00000, 0x00000000e2a00000, 0x0000000100000000)
  eden space 161792K, 0% used [0x00000000d6e00000,0x00000000d6e00000,0x00000000e0c00000)
  from space 15360K, 35% used [0x00000000e0c00000,0x00000000e114cf78,0x00000000e1b00000)
  to   space 15360K, 0% used [0x00000000e1b00000,0x00000000e1b00000,0x00000000e2a00000)
 ParOldGen       total 86528K, used 23297K [0x0000000084a00000, 0x0000000089e80000, 0x00000000d6e00000)
  object space 86528K, 26% used [0x0000000084a00000,0x00000000860c04d8,0x0000000089e80000)
 Metaspace       used 45273K, capacity 46996K, committed 47360K, reserved 1091584K
  class space    used 5473K, capacity 5778K, committed 5888K, reserved 1048576K
Event: 3605.869 GC heap after
Heap after GC invocations=12 (full 3):
 PSYoungGen      total 177152K, used 0K [0x00000000d6e00000, 0x00000000e2a00000, 0x0000000100000000)
  eden space 161792K, 0% used [0x00000000d6e00000,0x00000000d6e00000,0x00000000e0c00000)
  from space 15360K, 0% used [0x00000000e0c00000,0x00000000e0c00000,0x00000000e1b00000)
  to   space 15360K, 0% used [0x00000000e1b00000,0x00000000e1b00000,0x00000000e2a00000)
 ParOldGen       total 86528K, used 17995K [0x0000000084a00000, 0x0000000089e80000, 0x00000000d6e00000)
  object space 86528K, 20% used [0x0000000084a00000,0x0000000085b92e58,0x0000000089e80000)
 Metaspace       used 45064K, capacity 46634K, committed 47360K, reserved 1091584K
  class space    used 5437K, capacity 5713K, committed 5888K, reserved 1048576K
}

Deoptimization events (10 events):
Event: 3625.758 Thread 0x000000005f1a2800 Uncommon trap: reason=unstable_if action=reinterpret pc=0x000000000321c880 method=java.lang.ref.SoftReference.get()Ljava/lang/Object; @ 6
Event: 4016.801 Thread 0x000000005f1a2800 Uncommon trap: reason=class_check action=maybe_recompile pc=0x0000000002929050 method=java.lang.String.equals(Ljava/lang/Object;)Z @ 8
Event: 4016.853 Thread 0x000000005f1a2800 Uncommon trap: reason=unstable_if action=reinterpret pc=0x000000000346b7a8 method=java.lang.ref.SoftReference.get()Ljava/lang/Object; @ 6
Event: 4016.859 Thread 0x000000005f1a2800 Uncommon trap: reason=unstable_if action=reinterpret pc=0x0000000002ca94fc method=org.springframework.util.ConcurrentReferenceHashMap$Segment.restructureIfNecessary(Z)V @ 33
Event: 4016.862 Thread 0x000000005f1a2800 Uncommon trap: reason=range_check action=none pc=0x00000000029d730c method=sun.reflect.generics.parser.SignatureParser.current()C @ 34
Event: 4016.862 Thread 0x000000005f1a2800 Uncommon trap: reason=unstable_if action=reinterpret pc=0x000000000353e350 method=java.lang.ref.SoftReference.get()Ljava/lang/Object; @ 6
Event: 4534.632 Thread 0x000000005b674000 Uncommon trap: reason=unstable_if action=reinterpret pc=0x00000000037fcc6c method=java.lang.ref.SoftReference.get()Ljava/lang/Object; @ 6
Event: 4534.632 Thread 0x000000005b674000 Uncommon trap: reason=unstable_if action=reinterpret pc=0x00000000035a61c0 method=java.lang.ref.SoftReference.get()Ljava/lang/Object; @ 6
Event: 4534.632 Thread 0x000000005b674000 Uncommon trap: reason=unstable_if action=reinterpret pc=0x00000000035a60ec method=java.lang.ref.SoftReference.get()Ljava/lang/Object; @ 6
Event: 4535.341 Thread 0x000000005b674000 Uncommon trap: reason=range_check action=none pc=0x00000000029d730c method=sun.reflect.generics.parser.SignatureParser.current()C @ 34

Internal exceptions (10 events):
Event: 3605.927 Thread 0x000000005c47c000 Exception <a 'java/lang/NoSuchMethodError': <clinit>> (0x00000000d6e66200) thrown at [C:\re\workspace\8-2-build-windows-amd64-cygwin\jdk8u101\7261\hotspot\src\share\vm\prims\jni.cpp, line 1613]
Event: 3605.930 Thread 0x000000005c47c000 Exception <a 'java/lang/NoSuchMethodError': <clinit>> (0x00000000d6e77e20) thrown at [C:\re\workspace\8-2-build-windows-amd64-cygwin\jdk8u101\7261\hotspot\src\share\vm\prims\jni.cpp, line 1613]
Event: 3625.758 Thread 0x000000005f1a2800 Implicit null exception at 0x000000000321c219 to 0x000000000321c861
Event: 4016.853 Thread 0x000000005f1a2800 Implicit null exception at 0x00000000034666b6 to 0x000000000346b761
Event: 4016.862 Thread 0x000000005f1a2800 Exception <a 'java/lang/ArrayIndexOutOfBoundsException': 58> (0x00000000d7a68a50) thrown at [C:\re\workspace\8-2-build-windows-amd64-cygwin\jdk8u101\7261\hotspot\src\share\vm\interpreter\interpreterRuntime.cpp, line 366]
Event: 4016.862 Thread 0x000000005f1a2800 Implicit null exception at 0x0000000003536678 to 0x000000000353e309
Event: 4534.632 Thread 0x000000005b674000 Implicit null exception at 0x00000000037f06e1 to 0x00000000037fcc49
Event: 4534.632 Thread 0x000000005b674000 Implicit null exception at 0x00000000035a0c71 to 0x00000000035a61a2
Event: 4534.632 Thread 0x000000005b674000 Implicit null exception at 0x000000000359fe56 to 0x00000000035a60cd
Event: 4535.341 Thread 0x000000005b674000 Exception <a 'java/lang/ArrayIndexOutOfBoundsException': 58> (0x00000000d805bed8) thrown at [C:\re\workspace\8-2-build-windows-amd64-cygwin\jdk8u101\7261\hotspot\src\share\vm\interpreter\interpreterRuntime.cpp, line 366]

Events (10 events):
Event: 4893.926 Thread 0x000000005b9be800 Thread added: 0x000000005b9be800
Event: 4894.928 Executing VM operation: RevokeBias
Event: 4894.928 Executing VM operation: RevokeBias done
Event: 4894.928 Thread 0x000000005b9be800 Thread exited: 0x000000005b9be800
Event: 4907.010 Thread 0x000000005b9be800 Thread added: 0x000000005b9be800
Event: 4908.012 Executing VM operation: RevokeBias
Event: 4908.012 Executing VM operation: RevokeBias done
Event: 4908.012 Thread 0x000000005b9be800 Thread exited: 0x000000005b9be800
Event: 4912.504 Executing VM operation: RedefineClasses
Event: 4912.549 Executing VM operation: RedefineClasses done


Dynamic libraries:
0x000000013fc80000 - 0x000000013fcb7000 	C:\Program Files\Java\jdk1.8.0_101\bin\javaw.exe
0x0000000077bf0000 - 0x0000000077d9a000 	C:\Windows\SYSTEM32\ntdll.dll
0x0000000077990000 - 0x0000000077aaf000 	C:\Windows\system32\kernel32.dll
0x000007fefd910000 - 0x000007fefd97a000 	C:\Windows\system32\KERNELBASE.dll
0x000007feff130000 - 0x000007feff20b000 	C:\Windows\system32\ADVAPI32.dll
0x000007feff6a0000 - 0x000007feff73f000 	C:\Windows\system32\msvcrt.dll
0x000007fefede0000 - 0x000007fefedff000 	C:\Windows\SYSTEM32\sechost.dll
0x000007fefdb00000 - 0x000007fefdc2d000 	C:\Windows\system32\RPCRT4.dll
0x0000000077890000 - 0x000000007798a000 	C:\Windows\system32\USER32.dll
0x000007feff510000 - 0x000007feff577000 	C:\Windows\system32\GDI32.dll
0x000007feff320000 - 0x000007feff32e000 	C:\Windows\system32\LPK.dll
0x000007feff740000 - 0x000007feff80a000 	C:\Windows\system32\USP10.dll
0x000007fefc7f0000 - 0x000007fefc9e4000 	C:\Windows\WinSxS\amd64_microsoft.windows.common-controls_6595b64144ccf1df_6.0.7601.18837_none_fa3b1e3d17594757\COMCTL32.dll
0x000007feff810000 - 0x000007feff881000 	C:\Windows\system32\SHLWAPI.dll
0x000007fefecb0000 - 0x000007fefecde000 	C:\Windows\system32\IMM32.DLL
0x000007feffd40000 - 0x000007feffe49000 	C:\Windows\system32\MSCTF.dll
0x000000006bbc0000 - 0x000000006bc92000 	C:\Program Files\Java\jdk1.8.0_101\jre\bin\msvcr100.dll
0x0000000060c00000 - 0x000000006149a000 	C:\Program Files\Java\jdk1.8.0_101\jre\bin\server\jvm.dll
0x000007fef5970000 - 0x000007fef5979000 	C:\Windows\system32\WSOCK32.dll
0x000007feff4c0000 - 0x000007feff50d000 	C:\Windows\system32\WS2_32.dll
0x000007feff270000 - 0x000007feff278000 	C:\Windows\system32\NSI.dll
0x000007fefdac0000 - 0x000007fefdafb000 	C:\Windows\system32\WINMM.dll
0x000007fefca40000 - 0x000007fefca4c000 	C:\Windows\system32\VERSION.dll
0x0000000077db0000 - 0x0000000077db7000 	C:\Windows\system32\PSAPI.DLL
0x0000000074210000 - 0x000000007421f000 	C:\Program Files\Java\jdk1.8.0_101\jre\bin\verify.dll
0x00000000741e0000 - 0x0000000074209000 	C:\Program Files\Java\jdk1.8.0_101\jre\bin\java.dll
0x000000006e760000 - 0x000000006e795000 	C:\Program Files\Java\jdk1.8.0_101\jre\bin\jdwp.dll
0x0000000074220000 - 0x0000000074228000 	C:\Program Files\Java\jdk1.8.0_101\jre\bin\npt.dll
0x00000000741c0000 - 0x00000000741d6000 	C:\Program Files\Java\jdk1.8.0_101\jre\bin\zip.dll
0x000007fefdd10000 - 0x000007fefea99000 	C:\Windows\system32\SHELL32.dll
0x000007fefeaa0000 - 0x000007fefeca3000 	C:\Windows\system32\ole32.dll
0x000007fefd6b0000 - 0x000007fefd6bf000 	C:\Windows\system32\profapi.dll
0x00000000741b0000 - 0x00000000741b9000 	C:\Program Files\Java\jdk1.8.0_101\jre\bin\dt_socket.dll
0x000007fefb120000 - 0x000007fefb135000 	C:\Windows\system32\NLAapi.dll
0x000007fef5cf0000 - 0x000007fef5d05000 	C:\Windows\system32\napinsp.dll
0x000007fef5cd0000 - 0x000007fef5ce9000 	C:\Windows\system32\pnrpnsp.dll
0x000007fefce60000 - 0x000007fefceb5000 	C:\Windows\System32\mswsock.dll
0x000007fefcce0000 - 0x000007fefcd3b000 	C:\Windows\system32\DNSAPI.dll
0x000007fef5cc0000 - 0x000007fef5ccb000 	C:\Windows\System32\winrnr.dll
0x000007fef5cb0000 - 0x000007fef5cc0000 	C:\Windows\system32\wshbth.dll
0x000007fefad10000 - 0x000007fefad37000 	C:\Windows\system32\IPHLPAPI.DLL
0x000007fefad00000 - 0x000007fefad0b000 	C:\Windows\system32\WINNSI.DLL
0x000007fefab80000 - 0x000007fefabd3000 	C:\Windows\System32\fwpuclnt.dll
0x000007fef5960000 - 0x000007fef5968000 	C:\Windows\system32\rasadhlp.dll
0x000007fefc320000 - 0x000007fefc327000 	C:\Windows\System32\wshtcpip.dll
0x0000000074120000 - 0x000000007412d000 	C:\Program Files\Java\jdk1.8.0_101\jre\bin\management.dll
0x0000000070aa0000 - 0x0000000070aba000 	C:\Program Files\Java\jdk1.8.0_101\jre\bin\net.dll
0x000007fefce50000 - 0x000007fefce57000 	C:\Windows\System32\wship6.dll
0x00000000708d0000 - 0x00000000708e1000 	C:\Program Files\Java\jdk1.8.0_101\jre\bin\nio.dll
0x000007fefcec0000 - 0x000007fefced8000 	C:\Windows\system32\CRYPTSP.dll
0x000007fefcbc0000 - 0x000007fefcc07000 	C:\Windows\system32\rsaenh.dll
0x000007fefd860000 - 0x000007fefd87e000 	C:\Windows\system32\USERENV.dll
0x000007fefd540000 - 0x000007fefd54f000 	C:\Windows\system32\CRYPTBASE.dll
0x000007fefac20000 - 0x000007fefac31000 	C:\Windows\system32\dhcpcsvc6.DLL
0x000007fefab60000 - 0x000007fefab78000 	C:\Windows\system32\dhcpcsvc.DLL
0x0000000002570000 - 0x00000000025e0000 	E:\git\interview-hub\interview-hub\jvm-watcher\sigar-bin\sigar-amd64-winnt.dll
0x000007fee51f0000 - 0x000007fee523e000 	C:\Windows\system32\pdh.dll
0x000007fefd0d0000 - 0x000007fefd0e6000 	C:\Windows\system32\NETAPI32.dll
0x000007fefca90000 - 0x000007fefca9c000 	C:\Windows\system32\netutils.dll
0x000007fefd160000 - 0x000007fefd183000 	C:\Windows\system32\srvcli.dll
0x000007fefca70000 - 0x000007fefca85000 	C:\Windows\system32\wkscli.dll
0x000007fefdc30000 - 0x000007fefdd0a000 	C:\Windows\system32\OLEAUT32.dll
0x000007fefae30000 - 0x000007fefae3b000 	C:\Windows\System32\perfos.dll
0x000000006b7c0000 - 0x000000006b958000 	C:\Program Files\Java\jdk1.8.0_101\jre\bin\awt.dll
0x000007fefb940000 - 0x000007fefb996000 	C:\Windows\system32\uxtheme.dll
0x000007fefdaa0000 - 0x000007fefdab8000 	C:\Windows\system32\dwmapi.dll
0x000007fef5880000 - 0x000007fef5898000 	C:\Windows\system32\mpr.dll
0x000007fefd980000 - 0x000007fefd9b6000 	C:\Windows\system32\CFGMGR32.dll
0x000007fefb540000 - 0x000007fefb5e0000 	C:\Windows\WinSxS\amd64_microsoft.windows.common-controls_6595b64144ccf1df_5.82.7601.18837_none_a4d981ff711297b6\comctl32.dll
0x000007feff890000 - 0x000007feffa67000 	C:\Windows\system32\SETUPAPI.dll
0x000007fefd890000 - 0x000007fefd8aa000 	C:\Windows\system32\DEVOBJ.dll
0x000007feff280000 - 0x000007feff319000 	C:\Windows\system32\CLBCatQ.DLL
0x000007fefbba0000 - 0x000007fefbccc000 	C:\Windows\system32\propsys.dll
0x000007fefbb60000 - 0x000007fefbb8d000 	C:\Windows\system32\ntmarta.dll
0x000007feff210000 - 0x000007feff262000 	C:\Windows\system32\WLDAP32.dll
0x000007fefd4e0000 - 0x000007fefd537000 	C:\Windows\system32\apphelp.dll
0x000007feeed70000 - 0x000007feeef0c000 	C:\Windows\system32\NetworkExplorer.dll
0x000007feef800000 - 0x000007feef834000 	C:\Windows\System32\shdocvw.dll
0x000007fefafd0000 - 0x000007fefafdb000 	C:\Windows\system32\slc.dll
0x000007fefae20000 - 0x000007fefae2a000 	C:\Windows\System32\drprov.dll
0x000007fefc9f0000 - 0x000007fefca2d000 	C:\Windows\System32\WINSTA.dll
0x000007feea300000 - 0x000007feea322000 	C:\Windows\System32\ntlanman.dll
0x000007feecb20000 - 0x000007feecb3e000 	C:\Windows\System32\davclnt.dll
0x000007feefac0000 - 0x000007feefaca000 	C:\Windows\System32\DAVHLPR.dll
0x000007fef2ab0000 - 0x000007fef2abf000 	C:\Windows\system32\cscapi.dll
0x000007fee1fb0000 - 0x000007fee2221000 	C:\Windows\system32\wpdshext.dll
0x000007fefc5d0000 - 0x000007fefc7e6000 	C:\Windows\WinSxS\amd64_microsoft.windows.gdiplus_6595b64144ccf1df_1.1.7601.23688_none_145d575e8b8eb5b3\gdiplus.dll
0x000007fefb260000 - 0x000007fefb31d000 	C:\Windows\system32\PortableDeviceApi.dll
0x000007fefd8c0000 - 0x000007fefd8fb000 	C:\Windows\system32\WINTRUST.dll
0x000007fefd6f0000 - 0x000007fefd85d000 	C:\Windows\system32\CRYPT32.dll
0x000007fefd6a0000 - 0x000007fefd6af000 	C:\Windows\system32\MSASN1.dll
0x000007fef0fe0000 - 0x000007fef1015000 	C:\Windows\system32\EhStorShell.dll
0x000007fee9790000 - 0x000007fee97b7000 	C:\Windows\system32\EhStorAPI.dll
0x000007fefaeb0000 - 0x000007fefaebd000 	C:\Windows\System32\perfdisk.dll
0x000007fef5e10000 - 0x000007fef5f35000 	C:\Windows\system32\dbghelp.dll

VM Arguments:
jvm_args: -agentlib:jdwp=transport=dt_socket,suspend=y,address=localhost:50460 -Djava.library.path=E:\git\interview-hub\interview-hub\jvm-watcher\sigar-bin -Dfile.encoding=UTF-8 
java_command: org.shersfy.jwatcher.boot.JWatcherMain
java_class_path (initial): E:\git\interview-hub\interview-hub\jvm-watcher\target\classes;C:\Users\Administrator\.m2\repository\org\springframework\boot\spring-boot-starter-web\2.0.1.RELEASE\spring-boot-starter-web-2.0.1.RELEASE.jar;C:\Users\Administrator\.m2\repository\org\springframework\boot\spring-boot-starter\2.0.1.RELEASE\spring-boot-starter-2.0.1.RELEASE.jar;C:\Users\Administrator\.m2\repository\org\springframework\boot\spring-boot\2.0.1.RELEASE\spring-boot-2.0.1.RELEASE.jar;C:\Users\Administrator\.m2\repository\org\springframework\boot\spring-boot-autoconfigure\2.0.1.RELEASE\spring-boot-autoconfigure-2.0.1.RELEASE.jar;C:\Users\Administrator\.m2\repository\org\springframework\boot\spring-boot-starter-logging\2.0.1.RELEASE\spring-boot-starter-logging-2.0.1.RELEASE.jar;C:\Users\Administrator\.m2\repository\ch\qos\logback\logback-classic\1.2.3\logback-classic-1.2.3.jar;C:\Users\Administrator\.m2\repository\ch\qos\logback\logback-core\1.2.3\logback-core-1.2.3.jar;C:\Users\Administrator\.m2\repository\org\apache\logging\log4j\log4j-to-slf4j\2.10.0\log4j-to-slf4j-2.10.0.jar;C:\Users\Administrator\.m2\repository\org\apache\logging\log4j\log4j-api\2.10.0\log4j-api-2.10.0.jar;C:\Users\Administrator\.m2\repository\org\slf4j\jul-to-slf4j\1.7.25\jul-to-slf4j-1.7.25.jar;C:\Users\Administrator\.m2\repository\javax\annotation\javax.annotation-api\1.3.2\javax.annotation-api-1.3.2.jar;C:\Users\Administrator\.m2\repository\org\springframework\spring-core\5.0.5.RELEASE\spring-core-5.0.5.RELEASE.jar;C:\Users\Administrator\.m2\repository\org\springframework\spring-jcl\5.0.5.RELEASE\spring-jcl-5.0.5.RELEASE.jar;C:\Users\Administrator\.m2\repository\org\yaml\snakeyaml\1.19\snakeyaml-1.19.jar;C:\Users\Administrator\.m2\repository\org\springframework\boot\spring-boot-starter-json\2.0.1.RELEASE\spring-boot-starter-json-2.0.1.RELEASE.jar;C:\Users\Administrator\.m2\repository\com\fasterxml\jackson\core\jackson-databind\2.9.5\jackson-databind-2.9.5.jar;C:\Users\Administrator\.m2\reposit
Launcher Type: SUN_STANDARD

Environment Variables:
JAVA_HOME=C:\Program Files\Java\jdk1.8.0_101
CLASSPATH=.;C:\Program Files\Java\jdk1.8.0_101\lib;C:\Program Files\Java\jdk1.8.0_101\lib\tools.jar;
PATH=C:\Program Files\Java\jdk1.8.0_101\jre\bin;C:/Program Files/Java/jre1.8.0_101/bin/server;C:/Program Files/Java/jre1.8.0_101/bin;C:/Program Files/Java/jre1.8.0_101/lib/amd64;%JAVA_HOME%\bin;C:\Windows\system32;C:\Windows;C:\Windows\System32\Wbem;C:\Windows\System32\WindowsPowerShell\v1.0\;D:\Program Files\TortoiseSVN\bin;d:\Program Files\OpenVPN\bin;D:\Program Files\TortoiseGit\bin;d:\Program Files\Git\cmd;C:\ProgramData\Oracle\Java\javapath;D:\Program Files\nodejs\;D:\apache\apache-maven-3.3.9\bin;C:\Program Files\Java\jdk1.8.0_101\bin;D:\apache\apache-tomcat-8.0.36\bin;E:\workspace_kettle\data-integration;D:\oracle\instantclient_11_2;C:\Users\Administrator\AppData\Roaming\npm;D:\Program Files\SQLite\sqlite-tools-win32-x86-3220000;D:\eclipse\jee-neon\eclipse;
USERNAME=pengyang
LD_LIBRARY_PATH=D:\oracle\instantclient_11_2
OS=Windows_NT
PROCESSOR_IDENTIFIER=Intel64 Family 6 Model 58 Stepping 9, GenuineIntel



---------------  S Y S T E M  ---------------

OS: Windows 7 , 64 bit Build 7601 (6.1.7601.23677)

CPU:total 4 (2 cores per cpu, 2 threads per core) family 6 model 58 stepping 9, cmov, cx8, fxsr, mmx, sse, sse2, sse3, ssse3, sse4.1, sse4.2, popcnt, avx, aes, clmul, erms, ht, tsc, tscinvbit, tscinv

Memory: 4k page, physical 8079000k(1622464k free), swap 16156140k(8729308k free)

vm_info: Java HotSpot(TM) 64-Bit Server VM (25.101-b13) for windows-amd64 JRE (1.8.0_101-b13), built on Jun 22 2016 01:21:29 by "java_re" with MS VC++ 10.0 (VS2010)

time: Wed May 02 19:49:25 2018
elapsed time: 4918 seconds (0d 1h 21m 58s)

